<?xml version="1.0" encoding="UTF-8"?>
<!-- Generated by org.testng.reporters.JUnitXMLReporter -->
<testsuite hostname="Oprekin-PC" ignored="0" name="Banking App Test" tests="1" failures="1" timestamp="24 May 2020 14:13:59 GMT" time="28.813" errors="0">
  <testcase name="loginTest" time="8.842" classname="com.iNetBanking_TEST_AUTOMATION_SUITE.testCases.TC01_LoginPage">
    <failure type="java.lang.AssertionError" message="expected [true] but found [false]">
      <![CDATA[java.lang.AssertionError: expected [true] but found [false]
at com.iNetBanking_TEST_AUTOMATION_SUITE.testCases.TC01_LoginPage.loginTest(TC01_LoginPage.java:30)
... Removed 29 stack frames]]>
    </failure>
  </testcase> <!-- loginTest -->
</testsuite> <!-- Banking App Test -->
